<?xml version="1.0" encoding="UTF-8"?>
<!-- Generated by org.testng.reporters.JUnitXMLReporter -->
<testsuite hostname="DESKTOP-ME2HPKL" ignored="0" name="Test10" tests="4" failures="2" timestamp="2021-01-28T12:00:22 IST" time="29.155" errors="0">
  <testcase name="validateCallsInBuyRangeFilter" time="11.337" classname="InvestorTest.ValidateInvestorDashBoardFilter"/>
  <testcase name="validateSTBBTSTcallsFilter" time="3.48" classname="InvestorTest.ValidateInvestorDashBoardFilter">
    <failure type="java.lang.AssertionError" message="expected [true] but found [false]">
      <![CDATA[java.lang.AssertionError: expected [true] but found [false]
at InvestorTest.ValidateInvestorDashBoardFilter.validateSTBBTSTcallsFilter(ValidateInvestorDashBoardFilter.java:94)
at java.util.ArrayList.forEach(ArrayList.java:1259)
... Removed 35 stack frames]]>
    </failure>
  </testcase> <!-- validateSTBBTSTcallsFilter -->
  <testcase name="validateIntraDayCallsFilter" time="3.645" classname="InvestorTest.ValidateInvestorDashBoardFilter"/>
  <testcase name="validateMyAdvisorFilter" time="3.667" classname="InvestorTest.ValidateInvestorDashBoardFilter">
    <failure type="java.lang.AssertionError" message="lists don&amp;apos;t have the same size expected [0] but found [7]">
      <![CDATA[java.lang.AssertionError: lists don't have the same size expected [0] but found [7]
at InvestorTest.ValidateInvestorDashBoardFilter.validateMyAdvisorFilter(ValidateInvestorDashBoardFilter.java:160)
at java.util.ArrayList.forEach(ArrayList.java:1259)
... Removed 37 stack frames]]>
    </failure>
  </testcase> <!-- validateMyAdvisorFilter -->
</testsuite> <!-- Test10 -->
