<?xml version="1.0" encoding="UTF-8"?>
<!-- Generated by org.testng.reporters.JUnitXMLReporter -->
<testsuite hostname="DESKTOP-ME2HPKL" ignored="0" name="Test16" tests="10" failures="0" timestamp="2021-01-28T12:05:12 IST" time="142.482" errors="0">
  <testcase name="validateFilterBySearchingAdvisor" time="18.338" classname="InvestorTest.ValidateSorting"/>
  <testcase name="sortByNewestLowTohigh" time="4.375" classname="InvestorTest.ValidateSorting"/>
  <testcase name="sortByNewestHighToLow" time="3.932" classname="InvestorTest.ValidateSorting"/>
  <testcase name="sortByRankLowToHigh" time="4.075" classname="InvestorTest.ValidateSorting"/>
  <testcase name="sortByRankHighToLow" time="4.169" classname="InvestorTest.ValidateSorting"/>
  <testcase name="filterByIntraday" time="8.183" classname="InvestorTest.ValidateSorting"/>
  <testcase name="filterByExpiryInOneWeek" time="25.036" classname="InvestorTest.ValidateSorting"/>
  <testcase name="filterByExpiryInOneMonth" time="24.713" classname="InvestorTest.ValidateSorting"/>
  <testcase name="filterByRatingAboveFour" time="21.731" classname="InvestorTest.ValidateSorting"/>
  <testcase name="filterByRatingAboveThree" time="20.671" classname="InvestorTest.ValidateSorting"/>
</testsuite> <!-- Test16 -->
