<?xml version="1.0" encoding="UTF-8"?>
<!-- Generated by org.testng.reporters.JUnitXMLReporter -->
<testsuite hostname="DESKTOP-ME2HPKL" ignored="0" name="Test15" tests="6" failures="0" timestamp="2021-01-28T12:02:50 IST" time="59.745" errors="0">
  <testcase name="validateSelectedScriptName" time="8.232" classname="InvestorTest.ValidateHomePage"/>
  <testcase name="validateTopicPageOnClickingTheScrip" time="0.895" classname="InvestorTest.ValidateHomePage"/>
  <testcase name="validateDepthAndDeleteObjectOnMousehover" time="0.624" classname="InvestorTest.ValidateHomePage"/>
  <testcase name="validateMarketDepthTitle" time="10.36" classname="InvestorTest.ValidateHomePage"/>
  <testcase name="validateDeleteScript" time="0.165" classname="InvestorTest.ValidateHomePage"/>
  <testcase name="validateNumberOfScriptCanAdd" time="32.116" classname="InvestorTest.ValidateHomePage"/>
</testsuite> <!-- Test15 -->
