<?xml version="1.0" encoding="UTF-8"?>
<!-- Generated by org.testng.reporters.JUnitXMLReporter -->
<testsuite hostname="DESKTOP-ME2HPKL" ignored="0" name="Test9" tests="6" failures="0" timestamp="2021-01-28T11:59:52 IST" time="149.34" errors="0">
  <testcase name="validateNewCallPage" time="12.079" classname="InvestorTest.ValidateInvestorDashBoard"/>
  <testcase name="validateMyCallPage" time="3.49" classname="InvestorTest.ValidateInvestorDashBoard"/>
  <testcase name="validateClosedCallHeaderAndTitle" time="0.177" classname="InvestorTest.ValidateInvestorDashBoard"/>
  <testcase name="validateWatchListHeaderAndTitle" time="3.6" classname="InvestorTest.ValidateInvestorDashBoard"/>
  <testcase name="validateTotalClosedCallCount" time="88.021" classname="InvestorTest.ValidateInvestorDashBoard"/>
  <testcase name="validateClosedCallsStatusTitle" time="34.884" classname="InvestorTest.ValidateInvestorDashBoard"/>
</testsuite> <!-- Test9 -->
