<?xml version="1.0" encoding="UTF-8"?>
<!-- Generated by org.testng.reporters.JUnitXMLReporter -->
<testsuite hostname="DESKTOP-ME2HPKL" ignored="0" name="Test14" tests="2" failures="1" timestamp="2021-01-28T12:01:50 IST" time="20.288" errors="0">
  <testcase name="validateSeachTopicAndUpdateIsDisplayed" time="7.577" classname="InvestorTest.ValidateVideosPage"/>
  <testcase name="validateSuccessfullVideoUpload" time="4.856" classname="InvestorTest.ValidateVideosPage">
    <failure type="java.lang.IndexOutOfBoundsException" message="Index: 5, Size: 2">
      <![CDATA[java.lang.IndexOutOfBoundsException: Index: 5, Size: 2
at java.util.ArrayList.rangeCheck(ArrayList.java:659)
at java.util.ArrayList.get(ArrayList.java:435)
at org.openqa.selenium.support.pagefactory.internal.LocatingElementListHandler.invoke(LocatingElementListHandler.java:39)
at com.sun.proxy.$Proxy8.get(Unknown Source)
at InvestorTest.ValidateVideosPage.validateSuccessfullVideoUpload(ValidateVideosPage.java:80)
at java.util.ArrayList.forEach(ArrayList.java:1259)
... Removed 34 stack frames]]>
    </failure>
  </testcase> <!-- validateSuccessfullVideoUpload -->
</testsuite> <!-- Test14 -->
