<?xml version="1.0" encoding="UTF-8"?>
<!-- Generated by org.testng.reporters.JUnitXMLReporter -->
<testsuite hostname="DESKTOP-ME2HPKL" ignored="0" name="PickrightHome" tests="3" failures="0" timestamp="2020-12-30T14:22:25 IST" time="12.045" errors="0">
  <testcase name="testUrl" time="1.664" classname="InvestorTest.ValidatePickrightHome"/>
  <testcase name="valiadteLandingPageTitle" time="0.132" classname="InvestorTest.ValidatePickrightHome"/>
  <testcase name="validateLoginTitle" time="0.482" classname="InvestorTest.ValidatePickrightHome"/>
</testsuite> <!-- PickrightHome -->
