<?xml version="1.0" encoding="UTF-8"?>
<!-- Generated by org.testng.reporters.JUnitXMLReporter -->
<testsuite hostname="DESKTOP-ME2HPKL" ignored="0" name="Test1" tests="7" failures="3" timestamp="2021-02-01T12:38:40 IST" time="76.225" errors="0">
  <testcase name="validateSelectedScriptName" time="11.156" classname="InvestorTest.ValidateHomePage"/>
  <testcase name="validateTopicPageOnClickingTheScrip" time="3.847" classname="InvestorTest.ValidateHomePage"/>
  <testcase name="validateDepthAndDeleteObjectOnMousehover" time="2.332" classname="InvestorTest.ValidateHomePage">
    <failure type="java.lang.AssertionError" message="expected [true] but found [false]">
      <![CDATA[java.lang.AssertionError: expected [true] but found [false]
at InvestorTest.ValidateHomePage.validateDepthAndDeleteObjectOnMousehover(ValidateHomePage.java:79)
at java.util.ArrayList.forEach(ArrayList.java:1259)
... Removed 31 stack frames]]>
    </failure>
  </testcase> <!-- validateDepthAndDeleteObjectOnMousehover -->
  <testcase name="validateMarketDepthTitle" time="15.54" classname="InvestorTest.ValidateHomePage"/>
  <testcase name="validateDeleteScript" time="0.323" classname="InvestorTest.ValidateHomePage"/>
  <testcase name="validateNumberOfScriptCanAdd" time="19.156" classname="InvestorTest.ValidateHomePage">
    <failure type="java.lang.AssertionError" message="expected [true] but found [false]">
      <![CDATA[java.lang.AssertionError: expected [true] but found [false]
at InvestorTest.ValidateHomePage.validateNumberOfScriptCanAdd(ValidateHomePage.java:117)
at java.util.ArrayList.forEach(ArrayList.java:1259)
... Removed 31 stack frames]]>
    </failure>
  </testcase> <!-- validateNumberOfScriptCanAdd -->
  <testcase name="validateDiscussionTopic" time="11.264" classname="InvestorTest.ValidateHomePage">
    <failure type="java.lang.AssertionError" message="lists don&amp;apos;t have the same size expected [3] but found [0]">
      <![CDATA[java.lang.AssertionError: lists don't have the same size expected [3] but found [0]
at InvestorTest.ValidateHomePage.validateDiscussionTopic(ValidateHomePage.java:144)
at java.util.ArrayList.forEach(ArrayList.java:1259)
... Removed 33 stack frames]]>
    </failure>
  </testcase> <!-- validateDiscussionTopic -->
</testsuite> <!-- Test1 -->
