<?xml version="1.0" encoding="UTF-8"?>
<!-- Generated by org.testng.reporters.JUnitXMLReporter -->
<testsuite hostname="DESKTOP-ME2HPKL" ignored="0" name="cat1" tests="4" failures="0" timestamp="2021-01-28T11:10:52 IST" time="73.506" errors="0">
  <testcase name="v1" time="21.066" classname="AdvisorTest.A_ValidateEquityCashCallsOnOnGoingCalls"/>
  <testcase name="v2" time="16.852" classname="AdvisorTest.A_ValidateEquityCashCallsOnOnGoingCalls"/>
  <testcase name="v3" time="9.841" classname="AdvisorTest.A_ValidateEquityCashCallsOnOnGoingCalls"/>
  <testcase name="v4" time="16.762" classname="AdvisorTest.A_ValidateEquityCashCallsOnOnGoingCalls"/>
</testsuite> <!-- cat1 -->
