<?xml version="1.0" encoding="UTF-8"?>
<!-- Generated by org.testng.reporters.JUnitXMLReporter -->
<testsuite hostname="DESKTOP-ME2HPKL" ignored="0" name="cat3" tests="4" failures="0" timestamp="2021-01-11T15:00:08 IST" time="67.558" errors="0">
  <testcase name="v1" time="16.042" classname="AdvisorTest.A_ValidateCommodityFutureCallsOnOnGoingCalls"/>
  <testcase name="v2" time="17.933" classname="AdvisorTest.A_ValidateCommodityFutureCallsOnOnGoingCalls"/>
  <testcase name="v3" time="7.942" classname="AdvisorTest.A_ValidateCommodityFutureCallsOnOnGoingCalls"/>
  <testcase name="v4" time="17.984" classname="AdvisorTest.A_ValidateCommodityFutureCallsOnOnGoingCalls"/>
</testsuite> <!-- cat3 -->
