<?xml version="1.0" encoding="UTF-8"?>
<!-- Generated by org.testng.reporters.JUnitXMLReporter -->
<testsuite hostname="DESKTOP-ME2HPKL" ignored="0" name="Welcome" tests="4" failures="0" timestamp="2021-01-11T14:53:05 IST" time="72.791" errors="0">
  <testcase name="v1" time="19.011" classname="AdvisorTest.A_ValidateEquityCashCallsOnOnGoingCalls"/>
  <testcase name="v2" time="17.15" classname="AdvisorTest.A_ValidateEquityCashCallsOnOnGoingCalls"/>
  <testcase name="v3" time="9.941" classname="AdvisorTest.A_ValidateEquityCashCallsOnOnGoingCalls"/>
  <testcase name="v4" time="17.196" classname="AdvisorTest.A_ValidateEquityCashCallsOnOnGoingCalls"/>
</testsuite> <!-- Welcome -->
